2025-07-01 16:22:42,568 [Worker-7: Loading available Gradle versions] INFO  o.e.b.c.i.u.g.PublishedGradleVersions - Gradle version information cache is not available. Remote download required.
2025-07-01 16:35:02,881 [ModalContext] INFO  o.e.m.c.i.e.AbstractTransferListenerAdapter - Downloading https://repo.maven.apache.org/maven2/org/apache/maven/archetypes/maven-archetype-quickstart/1.5/maven-archetype-quickstart-1.5.pom
2025-07-01 16:35:02,948 [ModalContext] INFO  o.e.m.c.i.e.AbstractTransferListenerAdapter - Downloaded https://repo.maven.apache.org/maven2/org/apache/maven/archetypes/maven-archetype-quickstart/1.5/maven-archetype-quickstart-1.5.pom
2025-07-01 16:35:03,058 [ModalContext] INFO  o.e.m.c.i.e.AbstractTransferListenerAdapter - Downloading https://repo.maven.apache.org/maven2/org/apache/maven/archetypes/maven-archetype-bundles/1.5/maven-archetype-bundles-1.5.pom
2025-07-01 16:35:03,113 [ModalContext] INFO  o.e.m.c.i.e.AbstractTransferListenerAdapter - Downloaded https://repo.maven.apache.org/maven2/org/apache/maven/archetypes/maven-archetype-bundles/1.5/maven-archetype-bundles-1.5.pom
2025-07-01 16:35:03,343 [ModalContext] INFO  o.e.m.c.i.e.AbstractTransferListenerAdapter - Downloading https://repo.maven.apache.org/maven2/org/apache/maven/archetypes/maven-archetype-quickstart/1.5/maven-archetype-quickstart-1.5.jar
2025-07-01 16:35:03,520 [ModalContext] INFO  o.e.m.c.i.e.AbstractTransferListenerAdapter - Downloaded https://repo.maven.apache.org/maven2/org/apache/maven/archetypes/maven-archetype-quickstart/1.5/maven-archetype-quickstart-1.5.jar
2025-07-01 16:35:36,147 [Worker-39: Launching mavenrun-4694772b-ecad-4fc7-8934-d05ee4bbb19b] INFO  o.eclipse.m2e.core.internal.Bundles - getClasspathEntries(Bundle=org.eclipse.m2e.maven.runtime_3.9.900.20250220-2013 [297])
2025-07-01 16:35:36,149 [Worker-39: Launching mavenrun-4694772b-ecad-4fc7-8934-d05ee4bbb19b] INFO  o.eclipse.m2e.core.internal.Bundles - 	Entry: C:\Users\jegan\.p2\pool\plugins\org.eclipse.m2e.maven.runtime_3.9.900.20250220-2013
2025-07-01 16:35:36,149 [Worker-39: Launching mavenrun-4694772b-ecad-4fc7-8934-d05ee4bbb19b] INFO  o.eclipse.m2e.core.internal.Bundles - 	Entry: C:\Users\jegan\.p2\pool\plugins\org.eclipse.m2e.maven.runtime_3.9.900.20250220-2013\jars\aopalliance-1.0.jar
2025-07-01 16:35:36,149 [Worker-39: Launching mavenrun-4694772b-ecad-4fc7-8934-d05ee4bbb19b] INFO  o.eclipse.m2e.core.internal.Bundles - 	Entry: C:\Users\jegan\.p2\pool\plugins\org.eclipse.m2e.maven.runtime_3.9.900.20250220-2013\jars\guice-5.1.0.jar
2025-07-01 16:35:36,150 [Worker-39: Launching mavenrun-4694772b-ecad-4fc7-8934-d05ee4bbb19b] INFO  o.eclipse.m2e.core.internal.Bundles - 	Entry: C:\Users\jegan\.p2\pool\plugins\org.eclipse.m2e.maven.runtime_3.9.900.20250220-2013\jars\httpclient-4.5.14.jar
2025-07-01 16:35:36,150 [Worker-39: Launching mavenrun-4694772b-ecad-4fc7-8934-d05ee4bbb19b] INFO  o.eclipse.m2e.core.internal.Bundles - 	Entry: C:\Users\jegan\.p2\pool\plugins\org.eclipse.m2e.maven.runtime_3.9.900.20250220-2013\jars\httpcore-4.4.16.jar
2025-07-01 16:35:36,150 [Worker-39: Launching mavenrun-4694772b-ecad-4fc7-8934-d05ee4bbb19b] INFO  o.eclipse.m2e.core.internal.Bundles - 	Entry: C:\Users\jegan\.p2\pool\plugins\org.eclipse.m2e.maven.runtime_3.9.900.20250220-2013\jars\jansi-2.4.1.jar
2025-07-01 16:35:36,150 [Worker-39: Launching mavenrun-4694772b-ecad-4fc7-8934-d05ee4bbb19b] INFO  o.eclipse.m2e.core.internal.Bundles - 	Entry: C:\Users\jegan\.p2\pool\plugins\org.eclipse.m2e.maven.runtime_3.9.900.20250220-2013\jars\jcl-over-slf4j-1.7.36.jar
2025-07-01 16:35:36,150 [Worker-39: Launching mavenrun-4694772b-ecad-4fc7-8934-d05ee4bbb19b] INFO  o.eclipse.m2e.core.internal.Bundles - 	Entry: C:\Users\jegan\.p2\pool\plugins\org.eclipse.m2e.maven.runtime_3.9.900.20250220-2013\jars\maven-artifact-3.9.9.jar
2025-07-01 16:35:36,150 [Worker-39: Launching mavenrun-4694772b-ecad-4fc7-8934-d05ee4bbb19b] INFO  o.eclipse.m2e.core.internal.Bundles - 	Entry: C:\Users\jegan\.p2\pool\plugins\org.eclipse.m2e.maven.runtime_3.9.900.20250220-2013\jars\maven-builder-support-3.9.9.jar
2025-07-01 16:35:36,150 [Worker-39: Launching mavenrun-4694772b-ecad-4fc7-8934-d05ee4bbb19b] INFO  o.eclipse.m2e.core.internal.Bundles - 	Entry: C:\Users\jegan\.p2\pool\plugins\org.eclipse.m2e.maven.runtime_3.9.900.20250220-2013\jars\maven-compat-3.9.9.jar
2025-07-01 16:35:36,151 [Worker-39: Launching mavenrun-4694772b-ecad-4fc7-8934-d05ee4bbb19b] INFO  o.eclipse.m2e.core.internal.Bundles - 	Entry: C:\Users\jegan\.p2\pool\plugins\org.eclipse.m2e.maven.runtime_3.9.900.20250220-2013\jars\maven-core-3.9.9.jar
2025-07-01 16:35:36,151 [Worker-39: Launching mavenrun-4694772b-ecad-4fc7-8934-d05ee4bbb19b] INFO  o.eclipse.m2e.core.internal.Bundles - 	Entry: C:\Users\jegan\.p2\pool\plugins\org.eclipse.m2e.maven.runtime_3.9.900.20250220-2013\jars\maven-embedder-3.9.9.jar
2025-07-01 16:35:36,151 [Worker-39: Launching mavenrun-4694772b-ecad-4fc7-8934-d05ee4bbb19b] INFO  o.eclipse.m2e.core.internal.Bundles - 	Entry: C:\Users\jegan\.p2\pool\plugins\org.eclipse.m2e.maven.runtime_3.9.900.20250220-2013\jars\maven-model-3.9.9.jar
2025-07-01 16:35:36,151 [Worker-39: Launching mavenrun-4694772b-ecad-4fc7-8934-d05ee4bbb19b] INFO  o.eclipse.m2e.core.internal.Bundles - 	Entry: C:\Users\jegan\.p2\pool\plugins\org.eclipse.m2e.maven.runtime_3.9.900.20250220-2013\jars\maven-model-builder-3.9.9.jar
2025-07-01 16:35:36,151 [Worker-39: Launching mavenrun-4694772b-ecad-4fc7-8934-d05ee4bbb19b] INFO  o.eclipse.m2e.core.internal.Bundles - 	Entry: C:\Users\jegan\.p2\pool\plugins\org.eclipse.m2e.maven.runtime_3.9.900.20250220-2013\jars\maven-plugin-api-3.9.9.jar
2025-07-01 16:35:36,151 [Worker-39: Launching mavenrun-4694772b-ecad-4fc7-8934-d05ee4bbb19b] INFO  o.eclipse.m2e.core.internal.Bundles - 	Entry: C:\Users\jegan\.p2\pool\plugins\org.eclipse.m2e.maven.runtime_3.9.900.20250220-2013\jars\maven-repository-metadata-3.9.9.jar
2025-07-01 16:35:36,151 [Worker-39: Launching mavenrun-4694772b-ecad-4fc7-8934-d05ee4bbb19b] INFO  o.eclipse.m2e.core.internal.Bundles - 	Entry: C:\Users\jegan\.p2\pool\plugins\org.eclipse.m2e.maven.runtime_3.9.900.20250220-2013\jars\maven-resolver-api-1.9.22.jar
2025-07-01 16:35:36,151 [Worker-39: Launching mavenrun-4694772b-ecad-4fc7-8934-d05ee4bbb19b] INFO  o.eclipse.m2e.core.internal.Bundles - 	Entry: C:\Users\jegan\.p2\pool\plugins\org.eclipse.m2e.maven.runtime_3.9.900.20250220-2013\jars\maven-resolver-connector-basic-1.9.22.jar
2025-07-01 16:35:36,151 [Worker-39: Launching mavenrun-4694772b-ecad-4fc7-8934-d05ee4bbb19b] INFO  o.eclipse.m2e.core.internal.Bundles - 	Entry: C:\Users\jegan\.p2\pool\plugins\org.eclipse.m2e.maven.runtime_3.9.900.20250220-2013\jars\maven-resolver-impl-1.9.22.jar
2025-07-01 16:35:36,151 [Worker-39: Launching mavenrun-4694772b-ecad-4fc7-8934-d05ee4bbb19b] INFO  o.eclipse.m2e.core.internal.Bundles - 	Entry: C:\Users\jegan\.p2\pool\plugins\org.eclipse.m2e.maven.runtime_3.9.900.20250220-2013\jars\maven-resolver-named-locks-1.9.22.jar
2025-07-01 16:35:36,152 [Worker-39: Launching mavenrun-4694772b-ecad-4fc7-8934-d05ee4bbb19b] INFO  o.eclipse.m2e.core.internal.Bundles - 	Entry: C:\Users\jegan\.p2\pool\plugins\org.eclipse.m2e.maven.runtime_3.9.900.20250220-2013\jars\maven-resolver-provider-3.9.9.jar
2025-07-01 16:35:36,152 [Worker-39: Launching mavenrun-4694772b-ecad-4fc7-8934-d05ee4bbb19b] INFO  o.eclipse.m2e.core.internal.Bundles - 	Entry: C:\Users\jegan\.p2\pool\plugins\org.eclipse.m2e.maven.runtime_3.9.900.20250220-2013\jars\maven-resolver-spi-1.9.22.jar
2025-07-01 16:35:36,152 [Worker-39: Launching mavenrun-4694772b-ecad-4fc7-8934-d05ee4bbb19b] INFO  o.eclipse.m2e.core.internal.Bundles - 	Entry: C:\Users\jegan\.p2\pool\plugins\org.eclipse.m2e.maven.runtime_3.9.900.20250220-2013\jars\maven-resolver-transport-file-1.9.22.jar
2025-07-01 16:35:36,152 [Worker-39: Launching mavenrun-4694772b-ecad-4fc7-8934-d05ee4bbb19b] INFO  o.eclipse.m2e.core.internal.Bundles - 	Entry: C:\Users\jegan\.p2\pool\plugins\org.eclipse.m2e.maven.runtime_3.9.900.20250220-2013\jars\maven-resolver-transport-http-1.9.22.jar
2025-07-01 16:35:36,152 [Worker-39: Launching mavenrun-4694772b-ecad-4fc7-8934-d05ee4bbb19b] INFO  o.eclipse.m2e.core.internal.Bundles - 	Entry: C:\Users\jegan\.p2\pool\plugins\org.eclipse.m2e.maven.runtime_3.9.900.20250220-2013\jars\maven-resolver-transport-wagon-1.9.22.jar
2025-07-01 16:35:36,152 [Worker-39: Launching mavenrun-4694772b-ecad-4fc7-8934-d05ee4bbb19b] INFO  o.eclipse.m2e.core.internal.Bundles - 	Entry: C:\Users\jegan\.p2\pool\plugins\org.eclipse.m2e.maven.runtime_3.9.900.20250220-2013\jars\maven-resolver-util-1.9.22.jar
2025-07-01 16:35:36,153 [Worker-39: Launching mavenrun-4694772b-ecad-4fc7-8934-d05ee4bbb19b] INFO  o.eclipse.m2e.core.internal.Bundles - 	Entry: C:\Users\jegan\.p2\pool\plugins\org.eclipse.m2e.maven.runtime_3.9.900.20250220-2013\jars\maven-settings-3.9.9.jar
2025-07-01 16:35:36,153 [Worker-39: Launching mavenrun-4694772b-ecad-4fc7-8934-d05ee4bbb19b] INFO  o.eclipse.m2e.core.internal.Bundles - 	Entry: C:\Users\jegan\.p2\pool\plugins\org.eclipse.m2e.maven.runtime_3.9.900.20250220-2013\jars\maven-settings-builder-3.9.9.jar
2025-07-01 16:35:36,153 [Worker-39: Launching mavenrun-4694772b-ecad-4fc7-8934-d05ee4bbb19b] INFO  o.eclipse.m2e.core.internal.Bundles - 	Entry: C:\Users\jegan\.p2\pool\plugins\org.eclipse.m2e.maven.runtime_3.9.900.20250220-2013\jars\maven-shared-utils-3.4.2.jar
2025-07-01 16:35:36,153 [Worker-39: Launching mavenrun-4694772b-ecad-4fc7-8934-d05ee4bbb19b] INFO  o.eclipse.m2e.core.internal.Bundles - 	Entry: C:\Users\jegan\.p2\pool\plugins\org.eclipse.m2e.maven.runtime_3.9.900.20250220-2013\jars\org.eclipse.sisu.inject-0.9.0.M3.jar
2025-07-01 16:35:36,154 [Worker-39: Launching mavenrun-4694772b-ecad-4fc7-8934-d05ee4bbb19b] INFO  o.eclipse.m2e.core.internal.Bundles - 	Entry: C:\Users\jegan\.p2\pool\plugins\org.eclipse.m2e.maven.runtime_3.9.900.20250220-2013\jars\org.eclipse.sisu.plexus-0.9.0.M3.jar
2025-07-01 16:35:36,154 [Worker-39: Launching mavenrun-4694772b-ecad-4fc7-8934-d05ee4bbb19b] INFO  o.eclipse.m2e.core.internal.Bundles - 	Entry: C:\Users\jegan\.p2\pool\plugins\org.eclipse.m2e.maven.runtime_3.9.900.20250220-2013\jars\plexus-build-api-0.0.7.jar
2025-07-01 16:35:36,154 [Worker-39: Launching mavenrun-4694772b-ecad-4fc7-8934-d05ee4bbb19b] INFO  o.eclipse.m2e.core.internal.Bundles - 	Entry: C:\Users\jegan\.p2\pool\plugins\org.eclipse.m2e.maven.runtime_3.9.900.20250220-2013\jars\plexus-build-api-1.2.0.jar
2025-07-01 16:35:36,155 [Worker-39: Launching mavenrun-4694772b-ecad-4fc7-8934-d05ee4bbb19b] INFO  o.eclipse.m2e.core.internal.Bundles - 	Entry: C:\Users\jegan\.p2\pool\plugins\org.eclipse.m2e.maven.runtime_3.9.900.20250220-2013\jars\plexus-cipher-2.0.jar
2025-07-01 16:35:36,155 [Worker-39: Launching mavenrun-4694772b-ecad-4fc7-8934-d05ee4bbb19b] INFO  o.eclipse.m2e.core.internal.Bundles - 	Entry: C:\Users\jegan\.p2\pool\plugins\org.eclipse.m2e.maven.runtime_3.9.900.20250220-2013\jars\plexus-classworlds-2.8.0.jar
2025-07-01 16:35:36,155 [Worker-39: Launching mavenrun-4694772b-ecad-4fc7-8934-d05ee4bbb19b] INFO  o.eclipse.m2e.core.internal.Bundles - 	Entry: C:\Users\jegan\.p2\pool\plugins\org.eclipse.m2e.maven.runtime_3.9.900.20250220-2013\jars\plexus-component-annotations-2.1.0.jar
2025-07-01 16:35:36,155 [Worker-39: Launching mavenrun-4694772b-ecad-4fc7-8934-d05ee4bbb19b] INFO  o.eclipse.m2e.core.internal.Bundles - 	Entry: C:\Users\jegan\.p2\pool\plugins\org.eclipse.m2e.maven.runtime_3.9.900.20250220-2013\jars\plexus-interpolation-1.27.jar
2025-07-01 16:35:36,156 [Worker-39: Launching mavenrun-4694772b-ecad-4fc7-8934-d05ee4bbb19b] INFO  o.eclipse.m2e.core.internal.Bundles - 	Entry: C:\Users\jegan\.p2\pool\plugins\org.eclipse.m2e.maven.runtime_3.9.900.20250220-2013\jars\plexus-sec-dispatcher-2.0.jar
2025-07-01 16:35:36,156 [Worker-39: Launching mavenrun-4694772b-ecad-4fc7-8934-d05ee4bbb19b] INFO  o.eclipse.m2e.core.internal.Bundles - 	Entry: C:\Users\jegan\.p2\pool\plugins\org.eclipse.m2e.maven.runtime_3.9.900.20250220-2013\jars\plexus-utils-3.5.1.jar
2025-07-01 16:35:36,156 [Worker-39: Launching mavenrun-4694772b-ecad-4fc7-8934-d05ee4bbb19b] INFO  o.eclipse.m2e.core.internal.Bundles - 	Entry: C:\Users\jegan\.p2\pool\plugins\org.eclipse.m2e.maven.runtime_3.9.900.20250220-2013\jars\plexus-xml-3.0.1.jar
2025-07-01 16:35:36,156 [Worker-39: Launching mavenrun-4694772b-ecad-4fc7-8934-d05ee4bbb19b] INFO  o.eclipse.m2e.core.internal.Bundles - 	Entry: C:\Users\jegan\.p2\pool\plugins\org.eclipse.m2e.maven.runtime_3.9.900.20250220-2013\jars\wagon-file-3.5.3.jar
2025-07-01 16:35:36,156 [Worker-39: Launching mavenrun-4694772b-ecad-4fc7-8934-d05ee4bbb19b] INFO  o.eclipse.m2e.core.internal.Bundles - 	Entry: C:\Users\jegan\.p2\pool\plugins\org.eclipse.m2e.maven.runtime_3.9.900.20250220-2013\jars\wagon-http-3.5.3.jar
2025-07-01 16:35:36,156 [Worker-39: Launching mavenrun-4694772b-ecad-4fc7-8934-d05ee4bbb19b] INFO  o.eclipse.m2e.core.internal.Bundles - 	Entry: C:\Users\jegan\.p2\pool\plugins\org.eclipse.m2e.maven.runtime_3.9.900.20250220-2013\jars\wagon-http-shared-3.5.3.jar
2025-07-01 16:35:36,157 [Worker-39: Launching mavenrun-4694772b-ecad-4fc7-8934-d05ee4bbb19b] INFO  o.eclipse.m2e.core.internal.Bundles - 	Entry: C:\Users\jegan\.p2\pool\plugins\org.eclipse.m2e.maven.runtime_3.9.900.20250220-2013\jars\wagon-provider-api-3.5.3.jar
2025-07-01 16:35:36,158 [Worker-39: Launching mavenrun-4694772b-ecad-4fc7-8934-d05ee4bbb19b] INFO  o.eclipse.m2e.core.internal.Bundles - getClasspathEntries(Bundle=com.google.guava_33.4.8.jre [13])
2025-07-01 16:35:36,158 [Worker-39: Launching mavenrun-4694772b-ecad-4fc7-8934-d05ee4bbb19b] INFO  o.eclipse.m2e.core.internal.Bundles - 	Entry: C:\Users\jegan\.p2\pool\plugins\com.google.guava_33.4.8.jre.jar
2025-07-01 16:35:36,158 [Worker-39: Launching mavenrun-4694772b-ecad-4fc7-8934-d05ee4bbb19b] INFO  o.eclipse.m2e.core.internal.Bundles - getClasspathEntries(Bundle=slf4j.api_2.0.17 [520])
2025-07-01 16:35:36,159 [Worker-39: Launching mavenrun-4694772b-ecad-4fc7-8934-d05ee4bbb19b] INFO  o.eclipse.m2e.core.internal.Bundles - 	Entry: C:\Users\jegan\.p2\pool\plugins\slf4j.api_2.0.17.jar
2025-07-01 16:35:36,159 [Worker-39: Launching mavenrun-4694772b-ecad-4fc7-8934-d05ee4bbb19b] INFO  o.eclipse.m2e.core.internal.Bundles - getClasspathEntries(Bundle=jakarta.inject.jakarta.inject-api_1.0.5 [24])
2025-07-01 16:35:36,159 [Worker-39: Launching mavenrun-4694772b-ecad-4fc7-8934-d05ee4bbb19b] INFO  o.eclipse.m2e.core.internal.Bundles - 	Entry: C:\Users\jegan\.p2\pool\plugins\jakarta.inject.jakarta.inject-api_1.0.5.jar
2025-07-01 16:35:36,159 [Worker-39: Launching mavenrun-4694772b-ecad-4fc7-8934-d05ee4bbb19b] INFO  o.eclipse.m2e.core.internal.Bundles - getClasspathEntries(Bundle=javax.annotation_1.3.5.v20200909-1856 [27])
2025-07-01 16:35:36,159 [Worker-39: Launching mavenrun-4694772b-ecad-4fc7-8934-d05ee4bbb19b] INFO  o.eclipse.m2e.core.internal.Bundles - 	Entry: C:\Users\jegan\.p2\pool\plugins\javax.annotation_1.3.5.v20200909-1856.jar
2025-07-01 16:35:36,159 [Worker-39: Launching mavenrun-4694772b-ecad-4fc7-8934-d05ee4bbb19b] INFO  o.eclipse.m2e.core.internal.Bundles - getClasspathEntries(Bundle=org.apache.commons.cli_1.9.0 [49])
2025-07-01 16:35:36,159 [Worker-39: Launching mavenrun-4694772b-ecad-4fc7-8934-d05ee4bbb19b] INFO  o.eclipse.m2e.core.internal.Bundles - 	Entry: C:\Users\jegan\.p2\pool\plugins\org.apache.commons.cli_1.9.0.jar
2025-07-01 16:35:36,159 [Worker-39: Launching mavenrun-4694772b-ecad-4fc7-8934-d05ee4bbb19b] INFO  o.eclipse.m2e.core.internal.Bundles - getClasspathEntries(Bundle=org.apache.commons.commons-codec_1.16.0 [50])
2025-07-01 16:35:36,160 [Worker-39: Launching mavenrun-4694772b-ecad-4fc7-8934-d05ee4bbb19b] INFO  o.eclipse.m2e.core.internal.Bundles - 	Entry: C:\Users\jegan\.p2\pool\plugins\org.apache.commons.commons-codec_1.16.0.jar
2025-07-01 16:35:36,160 [Worker-39: Launching mavenrun-4694772b-ecad-4fc7-8934-d05ee4bbb19b] INFO  o.eclipse.m2e.core.internal.Bundles - getClasspathEntries(Bundle=com.google.guava.failureaccess_1.0.3 [14])
2025-07-01 16:35:36,160 [Worker-39: Launching mavenrun-4694772b-ecad-4fc7-8934-d05ee4bbb19b] INFO  o.eclipse.m2e.core.internal.Bundles - 	Entry: C:\Users\jegan\.p2\pool\plugins\com.google.guava.failureaccess_1.0.3.jar
2025-07-01 16:35:36,164 [Worker-39: Launching mavenrun-4694772b-ecad-4fc7-8934-d05ee4bbb19b] INFO  o.e.m.i.launch.MavenLaunchDelegate - Run build in "C:\Users\jegan\AppData\Local\Temp\m2e-archetypeGenerator12154799432799289051":
2025-07-01 16:35:36,171 [Worker-39: Launching mavenrun-4694772b-ecad-4fc7-8934-d05ee4bbb19b] INFO  o.e.m.i.launch.MavenLaunchDelegate -  mvn  -DjavaCompilerVersion=17 -DjunitVersion=5.11.0 -DarchetypeGroupId=org.apache.maven.archetypes -DarchetypeArtifactId=maven-archetype-quickstart -DarchetypeVersion=1.5 -DgroupId=librarymanagement -DartifactId=LibraryManagement -Dversion=0.0.1-SNAPSHOT -Dpackage=librarymanagement.LibraryManagement -DoutputDirectory="O:\Digital Nurture 4.0\Digital-Nurture-4.0-Practice-Repo\Week 3-Exercise Programs\Spring Core and Maven\Mandatory Hands-on\Exercise 4 Creating and Configuring a Maven Project" -Dstyle.color=always -U archetype:generate
2025-07-01 16:43:20,377 [Worker-6: Loading available Gradle versions] INFO  o.e.b.c.i.u.g.PublishedGradleVersions - Gradle version information cache is up-to-date. Trying to read.
2025-07-01 16:44:30,991 [Worker-18: Launching mavenrun-d492b73d-2c99-44a5-a98b-d84787f8ba21] INFO  o.eclipse.m2e.core.internal.Bundles - getClasspathEntries(Bundle=org.eclipse.m2e.maven.runtime_3.9.900.20250220-2013 [297])
2025-07-01 16:44:30,993 [Worker-18: Launching mavenrun-d492b73d-2c99-44a5-a98b-d84787f8ba21] INFO  o.eclipse.m2e.core.internal.Bundles - 	Entry: C:\Users\jegan\.p2\pool\plugins\org.eclipse.m2e.maven.runtime_3.9.900.20250220-2013
2025-07-01 16:44:30,993 [Worker-18: Launching mavenrun-d492b73d-2c99-44a5-a98b-d84787f8ba21] INFO  o.eclipse.m2e.core.internal.Bundles - 	Entry: C:\Users\jegan\.p2\pool\plugins\org.eclipse.m2e.maven.runtime_3.9.900.20250220-2013\jars\aopalliance-1.0.jar
2025-07-01 16:44:30,994 [Worker-18: Launching mavenrun-d492b73d-2c99-44a5-a98b-d84787f8ba21] INFO  o.eclipse.m2e.core.internal.Bundles - 	Entry: C:\Users\jegan\.p2\pool\plugins\org.eclipse.m2e.maven.runtime_3.9.900.20250220-2013\jars\guice-5.1.0.jar
2025-07-01 16:44:30,994 [Worker-18: Launching mavenrun-d492b73d-2c99-44a5-a98b-d84787f8ba21] INFO  o.eclipse.m2e.core.internal.Bundles - 	Entry: C:\Users\jegan\.p2\pool\plugins\org.eclipse.m2e.maven.runtime_3.9.900.20250220-2013\jars\httpclient-4.5.14.jar
2025-07-01 16:44:30,994 [Worker-18: Launching mavenrun-d492b73d-2c99-44a5-a98b-d84787f8ba21] INFO  o.eclipse.m2e.core.internal.Bundles - 	Entry: C:\Users\jegan\.p2\pool\plugins\org.eclipse.m2e.maven.runtime_3.9.900.20250220-2013\jars\httpcore-4.4.16.jar
2025-07-01 16:44:30,994 [Worker-18: Launching mavenrun-d492b73d-2c99-44a5-a98b-d84787f8ba21] INFO  o.eclipse.m2e.core.internal.Bundles - 	Entry: C:\Users\jegan\.p2\pool\plugins\org.eclipse.m2e.maven.runtime_3.9.900.20250220-2013\jars\jansi-2.4.1.jar
2025-07-01 16:44:30,994 [Worker-18: Launching mavenrun-d492b73d-2c99-44a5-a98b-d84787f8ba21] INFO  o.eclipse.m2e.core.internal.Bundles - 	Entry: C:\Users\jegan\.p2\pool\plugins\org.eclipse.m2e.maven.runtime_3.9.900.20250220-2013\jars\jcl-over-slf4j-1.7.36.jar
2025-07-01 16:44:30,994 [Worker-18: Launching mavenrun-d492b73d-2c99-44a5-a98b-d84787f8ba21] INFO  o.eclipse.m2e.core.internal.Bundles - 	Entry: C:\Users\jegan\.p2\pool\plugins\org.eclipse.m2e.maven.runtime_3.9.900.20250220-2013\jars\maven-artifact-3.9.9.jar
2025-07-01 16:44:30,994 [Worker-18: Launching mavenrun-d492b73d-2c99-44a5-a98b-d84787f8ba21] INFO  o.eclipse.m2e.core.internal.Bundles - 	Entry: C:\Users\jegan\.p2\pool\plugins\org.eclipse.m2e.maven.runtime_3.9.900.20250220-2013\jars\maven-builder-support-3.9.9.jar
2025-07-01 16:44:30,994 [Worker-18: Launching mavenrun-d492b73d-2c99-44a5-a98b-d84787f8ba21] INFO  o.eclipse.m2e.core.internal.Bundles - 	Entry: C:\Users\jegan\.p2\pool\plugins\org.eclipse.m2e.maven.runtime_3.9.900.20250220-2013\jars\maven-compat-3.9.9.jar
2025-07-01 16:44:30,994 [Worker-18: Launching mavenrun-d492b73d-2c99-44a5-a98b-d84787f8ba21] INFO  o.eclipse.m2e.core.internal.Bundles - 	Entry: C:\Users\jegan\.p2\pool\plugins\org.eclipse.m2e.maven.runtime_3.9.900.20250220-2013\jars\maven-core-3.9.9.jar
2025-07-01 16:44:30,994 [Worker-18: Launching mavenrun-d492b73d-2c99-44a5-a98b-d84787f8ba21] INFO  o.eclipse.m2e.core.internal.Bundles - 	Entry: C:\Users\jegan\.p2\pool\plugins\org.eclipse.m2e.maven.runtime_3.9.900.20250220-2013\jars\maven-embedder-3.9.9.jar
2025-07-01 16:44:30,994 [Worker-18: Launching mavenrun-d492b73d-2c99-44a5-a98b-d84787f8ba21] INFO  o.eclipse.m2e.core.internal.Bundles - 	Entry: C:\Users\jegan\.p2\pool\plugins\org.eclipse.m2e.maven.runtime_3.9.900.20250220-2013\jars\maven-model-3.9.9.jar
2025-07-01 16:44:30,994 [Worker-18: Launching mavenrun-d492b73d-2c99-44a5-a98b-d84787f8ba21] INFO  o.eclipse.m2e.core.internal.Bundles - 	Entry: C:\Users\jegan\.p2\pool\plugins\org.eclipse.m2e.maven.runtime_3.9.900.20250220-2013\jars\maven-model-builder-3.9.9.jar
2025-07-01 16:44:30,995 [Worker-18: Launching mavenrun-d492b73d-2c99-44a5-a98b-d84787f8ba21] INFO  o.eclipse.m2e.core.internal.Bundles - 	Entry: C:\Users\jegan\.p2\pool\plugins\org.eclipse.m2e.maven.runtime_3.9.900.20250220-2013\jars\maven-plugin-api-3.9.9.jar
2025-07-01 16:44:30,995 [Worker-18: Launching mavenrun-d492b73d-2c99-44a5-a98b-d84787f8ba21] INFO  o.eclipse.m2e.core.internal.Bundles - 	Entry: C:\Users\jegan\.p2\pool\plugins\org.eclipse.m2e.maven.runtime_3.9.900.20250220-2013\jars\maven-repository-metadata-3.9.9.jar
2025-07-01 16:44:30,995 [Worker-18: Launching mavenrun-d492b73d-2c99-44a5-a98b-d84787f8ba21] INFO  o.eclipse.m2e.core.internal.Bundles - 	Entry: C:\Users\jegan\.p2\pool\plugins\org.eclipse.m2e.maven.runtime_3.9.900.20250220-2013\jars\maven-resolver-api-1.9.22.jar
2025-07-01 16:44:30,995 [Worker-18: Launching mavenrun-d492b73d-2c99-44a5-a98b-d84787f8ba21] INFO  o.eclipse.m2e.core.internal.Bundles - 	Entry: C:\Users\jegan\.p2\pool\plugins\org.eclipse.m2e.maven.runtime_3.9.900.20250220-2013\jars\maven-resolver-connector-basic-1.9.22.jar
2025-07-01 16:44:30,995 [Worker-18: Launching mavenrun-d492b73d-2c99-44a5-a98b-d84787f8ba21] INFO  o.eclipse.m2e.core.internal.Bundles - 	Entry: C:\Users\jegan\.p2\pool\plugins\org.eclipse.m2e.maven.runtime_3.9.900.20250220-2013\jars\maven-resolver-impl-1.9.22.jar
2025-07-01 16:44:30,995 [Worker-18: Launching mavenrun-d492b73d-2c99-44a5-a98b-d84787f8ba21] INFO  o.eclipse.m2e.core.internal.Bundles - 	Entry: C:\Users\jegan\.p2\pool\plugins\org.eclipse.m2e.maven.runtime_3.9.900.20250220-2013\jars\maven-resolver-named-locks-1.9.22.jar
2025-07-01 16:44:30,995 [Worker-18: Launching mavenrun-d492b73d-2c99-44a5-a98b-d84787f8ba21] INFO  o.eclipse.m2e.core.internal.Bundles - 	Entry: C:\Users\jegan\.p2\pool\plugins\org.eclipse.m2e.maven.runtime_3.9.900.20250220-2013\jars\maven-resolver-provider-3.9.9.jar
2025-07-01 16:44:30,995 [Worker-18: Launching mavenrun-d492b73d-2c99-44a5-a98b-d84787f8ba21] INFO  o.eclipse.m2e.core.internal.Bundles - 	Entry: C:\Users\jegan\.p2\pool\plugins\org.eclipse.m2e.maven.runtime_3.9.900.20250220-2013\jars\maven-resolver-spi-1.9.22.jar
2025-07-01 16:44:30,995 [Worker-18: Launching mavenrun-d492b73d-2c99-44a5-a98b-d84787f8ba21] INFO  o.eclipse.m2e.core.internal.Bundles - 	Entry: C:\Users\jegan\.p2\pool\plugins\org.eclipse.m2e.maven.runtime_3.9.900.20250220-2013\jars\maven-resolver-transport-file-1.9.22.jar
2025-07-01 16:44:30,995 [Worker-18: Launching mavenrun-d492b73d-2c99-44a5-a98b-d84787f8ba21] INFO  o.eclipse.m2e.core.internal.Bundles - 	Entry: C:\Users\jegan\.p2\pool\plugins\org.eclipse.m2e.maven.runtime_3.9.900.20250220-2013\jars\maven-resolver-transport-http-1.9.22.jar
2025-07-01 16:44:30,995 [Worker-18: Launching mavenrun-d492b73d-2c99-44a5-a98b-d84787f8ba21] INFO  o.eclipse.m2e.core.internal.Bundles - 	Entry: C:\Users\jegan\.p2\pool\plugins\org.eclipse.m2e.maven.runtime_3.9.900.20250220-2013\jars\maven-resolver-transport-wagon-1.9.22.jar
2025-07-01 16:44:30,995 [Worker-18: Launching mavenrun-d492b73d-2c99-44a5-a98b-d84787f8ba21] INFO  o.eclipse.m2e.core.internal.Bundles - 	Entry: C:\Users\jegan\.p2\pool\plugins\org.eclipse.m2e.maven.runtime_3.9.900.20250220-2013\jars\maven-resolver-util-1.9.22.jar
2025-07-01 16:44:30,996 [Worker-18: Launching mavenrun-d492b73d-2c99-44a5-a98b-d84787f8ba21] INFO  o.eclipse.m2e.core.internal.Bundles - 	Entry: C:\Users\jegan\.p2\pool\plugins\org.eclipse.m2e.maven.runtime_3.9.900.20250220-2013\jars\maven-settings-3.9.9.jar
2025-07-01 16:44:30,996 [Worker-18: Launching mavenrun-d492b73d-2c99-44a5-a98b-d84787f8ba21] INFO  o.eclipse.m2e.core.internal.Bundles - 	Entry: C:\Users\jegan\.p2\pool\plugins\org.eclipse.m2e.maven.runtime_3.9.900.20250220-2013\jars\maven-settings-builder-3.9.9.jar
2025-07-01 16:44:30,996 [Worker-18: Launching mavenrun-d492b73d-2c99-44a5-a98b-d84787f8ba21] INFO  o.eclipse.m2e.core.internal.Bundles - 	Entry: C:\Users\jegan\.p2\pool\plugins\org.eclipse.m2e.maven.runtime_3.9.900.20250220-2013\jars\maven-shared-utils-3.4.2.jar
2025-07-01 16:44:30,996 [Worker-18: Launching mavenrun-d492b73d-2c99-44a5-a98b-d84787f8ba21] INFO  o.eclipse.m2e.core.internal.Bundles - 	Entry: C:\Users\jegan\.p2\pool\plugins\org.eclipse.m2e.maven.runtime_3.9.900.20250220-2013\jars\org.eclipse.sisu.inject-0.9.0.M3.jar
2025-07-01 16:44:30,996 [Worker-18: Launching mavenrun-d492b73d-2c99-44a5-a98b-d84787f8ba21] INFO  o.eclipse.m2e.core.internal.Bundles - 	Entry: C:\Users\jegan\.p2\pool\plugins\org.eclipse.m2e.maven.runtime_3.9.900.20250220-2013\jars\org.eclipse.sisu.plexus-0.9.0.M3.jar
2025-07-01 16:44:30,996 [Worker-18: Launching mavenrun-d492b73d-2c99-44a5-a98b-d84787f8ba21] INFO  o.eclipse.m2e.core.internal.Bundles - 	Entry: C:\Users\jegan\.p2\pool\plugins\org.eclipse.m2e.maven.runtime_3.9.900.20250220-2013\jars\plexus-build-api-0.0.7.jar
2025-07-01 16:44:30,996 [Worker-18: Launching mavenrun-d492b73d-2c99-44a5-a98b-d84787f8ba21] INFO  o.eclipse.m2e.core.internal.Bundles - 	Entry: C:\Users\jegan\.p2\pool\plugins\org.eclipse.m2e.maven.runtime_3.9.900.20250220-2013\jars\plexus-build-api-1.2.0.jar
2025-07-01 16:44:30,996 [Worker-18: Launching mavenrun-d492b73d-2c99-44a5-a98b-d84787f8ba21] INFO  o.eclipse.m2e.core.internal.Bundles - 	Entry: C:\Users\jegan\.p2\pool\plugins\org.eclipse.m2e.maven.runtime_3.9.900.20250220-2013\jars\plexus-cipher-2.0.jar
2025-07-01 16:44:30,996 [Worker-18: Launching mavenrun-d492b73d-2c99-44a5-a98b-d84787f8ba21] INFO  o.eclipse.m2e.core.internal.Bundles - 	Entry: C:\Users\jegan\.p2\pool\plugins\org.eclipse.m2e.maven.runtime_3.9.900.20250220-2013\jars\plexus-classworlds-2.8.0.jar
2025-07-01 16:44:30,996 [Worker-18: Launching mavenrun-d492b73d-2c99-44a5-a98b-d84787f8ba21] INFO  o.eclipse.m2e.core.internal.Bundles - 	Entry: C:\Users\jegan\.p2\pool\plugins\org.eclipse.m2e.maven.runtime_3.9.900.20250220-2013\jars\plexus-component-annotations-2.1.0.jar
2025-07-01 16:44:30,996 [Worker-18: Launching mavenrun-d492b73d-2c99-44a5-a98b-d84787f8ba21] INFO  o.eclipse.m2e.core.internal.Bundles - 	Entry: C:\Users\jegan\.p2\pool\plugins\org.eclipse.m2e.maven.runtime_3.9.900.20250220-2013\jars\plexus-interpolation-1.27.jar
2025-07-01 16:44:30,996 [Worker-18: Launching mavenrun-d492b73d-2c99-44a5-a98b-d84787f8ba21] INFO  o.eclipse.m2e.core.internal.Bundles - 	Entry: C:\Users\jegan\.p2\pool\plugins\org.eclipse.m2e.maven.runtime_3.9.900.20250220-2013\jars\plexus-sec-dispatcher-2.0.jar
2025-07-01 16:44:30,997 [Worker-18: Launching mavenrun-d492b73d-2c99-44a5-a98b-d84787f8ba21] INFO  o.eclipse.m2e.core.internal.Bundles - 	Entry: C:\Users\jegan\.p2\pool\plugins\org.eclipse.m2e.maven.runtime_3.9.900.20250220-2013\jars\plexus-utils-3.5.1.jar
2025-07-01 16:44:30,997 [Worker-18: Launching mavenrun-d492b73d-2c99-44a5-a98b-d84787f8ba21] INFO  o.eclipse.m2e.core.internal.Bundles - 	Entry: C:\Users\jegan\.p2\pool\plugins\org.eclipse.m2e.maven.runtime_3.9.900.20250220-2013\jars\plexus-xml-3.0.1.jar
2025-07-01 16:44:30,997 [Worker-18: Launching mavenrun-d492b73d-2c99-44a5-a98b-d84787f8ba21] INFO  o.eclipse.m2e.core.internal.Bundles - 	Entry: C:\Users\jegan\.p2\pool\plugins\org.eclipse.m2e.maven.runtime_3.9.900.20250220-2013\jars\wagon-file-3.5.3.jar
2025-07-01 16:44:30,997 [Worker-18: Launching mavenrun-d492b73d-2c99-44a5-a98b-d84787f8ba21] INFO  o.eclipse.m2e.core.internal.Bundles - 	Entry: C:\Users\jegan\.p2\pool\plugins\org.eclipse.m2e.maven.runtime_3.9.900.20250220-2013\jars\wagon-http-3.5.3.jar
2025-07-01 16:44:30,997 [Worker-18: Launching mavenrun-d492b73d-2c99-44a5-a98b-d84787f8ba21] INFO  o.eclipse.m2e.core.internal.Bundles - 	Entry: C:\Users\jegan\.p2\pool\plugins\org.eclipse.m2e.maven.runtime_3.9.900.20250220-2013\jars\wagon-http-shared-3.5.3.jar
2025-07-01 16:44:30,998 [Worker-18: Launching mavenrun-d492b73d-2c99-44a5-a98b-d84787f8ba21] INFO  o.eclipse.m2e.core.internal.Bundles - 	Entry: C:\Users\jegan\.p2\pool\plugins\org.eclipse.m2e.maven.runtime_3.9.900.20250220-2013\jars\wagon-provider-api-3.5.3.jar
2025-07-01 16:44:31,000 [Worker-18: Launching mavenrun-d492b73d-2c99-44a5-a98b-d84787f8ba21] INFO  o.eclipse.m2e.core.internal.Bundles - getClasspathEntries(Bundle=com.google.guava_33.4.8.jre [13])
2025-07-01 16:44:31,000 [Worker-18: Launching mavenrun-d492b73d-2c99-44a5-a98b-d84787f8ba21] INFO  o.eclipse.m2e.core.internal.Bundles - 	Entry: C:\Users\jegan\.p2\pool\plugins\com.google.guava_33.4.8.jre.jar
2025-07-01 16:44:31,000 [Worker-18: Launching mavenrun-d492b73d-2c99-44a5-a98b-d84787f8ba21] INFO  o.eclipse.m2e.core.internal.Bundles - getClasspathEntries(Bundle=slf4j.api_2.0.17 [520])
2025-07-01 16:44:31,001 [Worker-18: Launching mavenrun-d492b73d-2c99-44a5-a98b-d84787f8ba21] INFO  o.eclipse.m2e.core.internal.Bundles - 	Entry: C:\Users\jegan\.p2\pool\plugins\slf4j.api_2.0.17.jar
2025-07-01 16:44:31,001 [Worker-18: Launching mavenrun-d492b73d-2c99-44a5-a98b-d84787f8ba21] INFO  o.eclipse.m2e.core.internal.Bundles - getClasspathEntries(Bundle=jakarta.inject.jakarta.inject-api_1.0.5 [24])
2025-07-01 16:44:31,001 [Worker-18: Launching mavenrun-d492b73d-2c99-44a5-a98b-d84787f8ba21] INFO  o.eclipse.m2e.core.internal.Bundles - 	Entry: C:\Users\jegan\.p2\pool\plugins\jakarta.inject.jakarta.inject-api_1.0.5.jar
2025-07-01 16:44:31,001 [Worker-18: Launching mavenrun-d492b73d-2c99-44a5-a98b-d84787f8ba21] INFO  o.eclipse.m2e.core.internal.Bundles - getClasspathEntries(Bundle=javax.annotation_1.3.5.v20200909-1856 [27])
2025-07-01 16:44:31,001 [Worker-18: Launching mavenrun-d492b73d-2c99-44a5-a98b-d84787f8ba21] INFO  o.eclipse.m2e.core.internal.Bundles - 	Entry: C:\Users\jegan\.p2\pool\plugins\javax.annotation_1.3.5.v20200909-1856.jar
2025-07-01 16:44:31,001 [Worker-18: Launching mavenrun-d492b73d-2c99-44a5-a98b-d84787f8ba21] INFO  o.eclipse.m2e.core.internal.Bundles - getClasspathEntries(Bundle=org.apache.commons.cli_1.9.0 [49])
2025-07-01 16:44:31,001 [Worker-18: Launching mavenrun-d492b73d-2c99-44a5-a98b-d84787f8ba21] INFO  o.eclipse.m2e.core.internal.Bundles - 	Entry: C:\Users\jegan\.p2\pool\plugins\org.apache.commons.cli_1.9.0.jar
2025-07-01 16:44:31,001 [Worker-18: Launching mavenrun-d492b73d-2c99-44a5-a98b-d84787f8ba21] INFO  o.eclipse.m2e.core.internal.Bundles - getClasspathEntries(Bundle=org.apache.commons.commons-codec_1.16.0 [50])
2025-07-01 16:44:31,001 [Worker-18: Launching mavenrun-d492b73d-2c99-44a5-a98b-d84787f8ba21] INFO  o.eclipse.m2e.core.internal.Bundles - 	Entry: C:\Users\jegan\.p2\pool\plugins\org.apache.commons.commons-codec_1.16.0.jar
2025-07-01 16:44:31,001 [Worker-18: Launching mavenrun-d492b73d-2c99-44a5-a98b-d84787f8ba21] INFO  o.eclipse.m2e.core.internal.Bundles - getClasspathEntries(Bundle=com.google.guava.failureaccess_1.0.3 [14])
2025-07-01 16:44:31,002 [Worker-18: Launching mavenrun-d492b73d-2c99-44a5-a98b-d84787f8ba21] INFO  o.eclipse.m2e.core.internal.Bundles - 	Entry: C:\Users\jegan\.p2\pool\plugins\com.google.guava.failureaccess_1.0.3.jar
2025-07-01 16:44:31,005 [Worker-18: Launching mavenrun-d492b73d-2c99-44a5-a98b-d84787f8ba21] INFO  o.e.m.i.launch.MavenLaunchDelegate - Run build in "C:\Users\jegan\AppData\Local\Temp\m2e-archetypeGenerator907087186786234098":
2025-07-01 16:44:31,009 [Worker-18: Launching mavenrun-d492b73d-2c99-44a5-a98b-d84787f8ba21] INFO  o.e.m.i.launch.MavenLaunchDelegate -  mvn  -DjavaCompilerVersion=17 -DjunitVersion=5.11.0 -DarchetypeGroupId=org.apache.maven.archetypes -DarchetypeArtifactId=maven-archetype-quickstart -DarchetypeVersion=1.5 -DgroupId=librarymanagement -DartifactId=LibraryManagement -Dversion=0.0.1-SNAPSHOT -Dpackage=librarymanagement.LibraryManagement -DoutputDirectory="O:\Digital Nurture 4.0\Digital-Nurture-4.0-Practice-Repo\Week 3-Exercise Programs\Spring Core and Maven\Mandatory Hands-on\Exercise 4 Creating and Configuring a Maven Project" -Dstyle.color=always -U archetype:generate
